<?xml version="1.0" encoding="UTF-8" ?>
<testsuite failures="0" time="0.005" errors="0" skipped="0" tests="1" name="com.genpact.batch.csv.db.AppTest">
  <properties>
    <property name="java.runtime.name" value="Java(TM) SE Runtime Environment"/>
    <property name="sun.boot.library.path" value="E:\JAVA\ProgramFiles\java\jdk\jre\bin"/>
    <property name="java.vm.version" value="24.65-b04"/>
    <property name="java.vm.vendor" value="Oracle Corporation"/>
    <property name="java.vendor.url" value="http://java.oracle.com/"/>
    <property name="path.separator" value=";"/>
    <property name="guice.disable.misplaced.annotation.check" value="true"/>
    <property name="java.vm.name" value="Java HotSpot(TM) Client VM"/>
    <property name="file.encoding.pkg" value="sun.io"/>
    <property name="user.script" value=""/>
    <property name="user.country" value="US"/>
    <property name="sun.java.launcher" value="SUN_STANDARD"/>
    <property name="sun.os.patch.level" value="Service Pack 1"/>
    <property name="java.vm.specification.name" value="Java Virtual Machine Specification"/>
    <property name="user.dir" value="E:\JAVA\workspaces\spring Latest\batch.csv.db"/>
    <property name="java.runtime.version" value="1.7.0_67-b01"/>
    <property name="java.awt.graphicsenv" value="sun.awt.Win32GraphicsEnvironment"/>
    <property name="java.endorsed.dirs" value="E:\JAVA\ProgramFiles\java\jdk\jre\lib\endorsed"/>
    <property name="os.arch" value="x86"/>
    <property name="java.io.tmpdir" value="C:\Users\hemu\AppData\Local\Temp\"/>
    <property name="line.separator" value="
"/>
    <property name="java.vm.specification.vendor" value="Oracle Corporation"/>
    <property name="user.variant" value=""/>
    <property name="os.name" value="Windows 7"/>
    <property name="classworlds.conf" value="E:\JAVA\ProgramFiles\apache-maven-3.2.5-bin\apache-maven-3.2.5\bin\m2.conf"/>
    <property name="sun.jnu.encoding" value="Cp1252"/>
    <property name="java.library.path" value="E:\JAVA\ProgramFiles\java\jdk\bin;C:\Windows\Sun\Java\bin;C:\Windows\system32;C:\Windows;E:\JAVA\ProgramFiles\apache-ant-1.9.4\bin;C:\ProgramData\Oracle\Java\javapath;E:\JAVA\ProgramFiles\db-derby-10.11.1.1-bin\bin;E:\JAVA\ProgramFiles\db-derby-10.11.1.1-bin\lib\derby.jar;E:\JAVA\ProgramFiles\db-derby-10.11.1.1-bin\lib\derbytools.jar;E:\JAVA\ProgramFiles\mongodb\bin;E:\JAVA\ProgramFiles\apache-maven-3.2.5-bin\apache-maven-3.2.5\bin;E:\JAVA\ProgramFiles\oraclexe\app\oracle\product\10.2.0\server\bin;E:\JAVA\ProgramFiles\java\jdk\bin;C:\Windows\system32;C:\Windows;C:\Windows\System32\Wbem;C:\Windows\System32\WindowsPowerShell\v1.0\;C:\Program Files\MySQL\MySQL Fabric 1.5.3 &amp; MySQL Utilities 1.5.3 1.5\;C:\Program Files\MySQL\MySQL Fabric 1.5.3 &amp; MySQL Utilities 1.5.3 1.5\Doctrine extensions for PHP\;."/>
    <property name="java.specification.name" value="Java Platform API Specification"/>
    <property name="java.class.version" value="51.0"/>
    <property name="sun.management.compiler" value="HotSpot Client Compiler"/>
    <property name="os.version" value="6.1"/>
    <property name="user.home" value="C:\Users\hemu"/>
    <property name="user.timezone" value="Asia/Calcutta"/>
    <property name="java.awt.printerjob" value="sun.awt.windows.WPrinterJob"/>
    <property name="java.specification.version" value="1.7"/>
    <property name="file.encoding" value="Cp1252"/>
    <property name="user.name" value="hemu"/>
    <property name="java.class.path" value="E:\JAVA\ProgramFiles\apache-maven-3.2.5-bin\apache-maven-3.2.5\boot\plexus-classworlds-2.5.2.jar"/>
    <property name="java.vm.specification.version" value="1.7"/>
    <property name="sun.arch.data.model" value="32"/>
    <property name="java.home" value="E:\JAVA\ProgramFiles\java\jdk\jre"/>
    <property name="sun.java.command" value="org.codehaus.plexus.classworlds.launcher.Launcher clean install"/>
    <property name="java.specification.vendor" value="Oracle Corporation"/>
    <property name="user.language" value="en"/>
    <property name="awt.toolkit" value="sun.awt.windows.WToolkit"/>
    <property name="java.vm.info" value="mixed mode, sharing"/>
    <property name="java.version" value="1.7.0_67"/>
    <property name="java.ext.dirs" value="E:\JAVA\ProgramFiles\java\jdk\jre\lib\ext;C:\Windows\Sun\Java\lib\ext"/>
    <property name="sun.boot.class.path" value="E:\JAVA\ProgramFiles\java\jdk\jre\lib\resources.jar;E:\JAVA\ProgramFiles\java\jdk\jre\lib\rt.jar;E:\JAVA\ProgramFiles\java\jdk\jre\lib\sunrsasign.jar;E:\JAVA\ProgramFiles\java\jdk\jre\lib\jsse.jar;E:\JAVA\ProgramFiles\java\jdk\jre\lib\jce.jar;E:\JAVA\ProgramFiles\java\jdk\jre\lib\charsets.jar;E:\JAVA\ProgramFiles\java\jdk\jre\lib\jfr.jar;E:\JAVA\ProgramFiles\java\jdk\jre\classes"/>
    <property name="java.vendor" value="Oracle Corporation"/>
    <property name="maven.home" value="E:\JAVA\ProgramFiles\apache-maven-3.2.5-bin\apache-maven-3.2.5"/>
    <property name="file.separator" value="\"/>
    <property name="java.vendor.url.bug" value="http://bugreport.sun.com/bugreport/"/>
    <property name="sun.cpu.endian" value="little"/>
    <property name="sun.io.unicode.encoding" value="UnicodeLittle"/>
    <property name="sun.desktop" value="windows"/>
    <property name="sun.cpu.isalist" value="pentium_pro+mmx pentium_pro pentium+mmx pentium i486 i386 i86"/>
  </properties>
  <testcase time="0.005" classname="com.genpact.batch.csv.db.AppTest" name="testApp"/>
</testsuite>